11/30/17 10:11:58 D:\Lb ticks + trill.wav
11/30/17 10:24:05 D:\Lb ticks + trill.wav
11/30/17 10:26:19 D:\Lb ticks + trill.wav
11/30/17 10:27:20 D:\Lb ticks + trill.wav
11/30/17 10:29:09 D:\Lb ticks + trill.wav
11/30/17 10:31:36 D:\Lb ticks + trill.wav
11/30/17 10:34:38 D:\Lb ticks + trill.wav
11/30/17 10:38:01 D:\Lb ticks + trill.wav
11/30/17 10:42:04 D:\Lb ticks + trill.wav
11/30/17 10:44:38 D:\Lb ticks + trill.wav
11/30/17 10:47:06 D:\Lb ticks + trill.wav
11/30/17 10:50:27 D:\Lb ticks + trill.wav
11/30/17 10:52:33 D:\Lb ticks + trill.wav
11/30/17 10:55:10 D:\Lb ticks + trill.wav
11/30/17 10:57:42 D:\Lb ticks + trill.wav
11/30/17 11:00:10 D:\Lb ticks + trill.wav
11/30/17 11:04:27 D:\Lb ticks + trill.wav
11/30/17 11:06:44 D:\Lb ticks + trill.wav
11/30/17 11:09:03 D:\Lb ticks + trill.wav
11/30/17 11:11:27 D:\Lb ticks + trill.wav
11/30/17 11:14:36 D:\Lb ticks + trill.wav
11/30/17 11:17:37 D:\Lb ticks + trill.wav
11/30/17 11:20:00 D:\Lb ticks + trill.wav
11/30/17 11:24:18 D:\Lb ticks + trill.wav
11/30/17 11:26:51 D:\Lb ticks + trill.wav
11/30/17 11:30:01 D:\Lb ticks + trill.wav
11/30/17 12:06:57 D:\Lb ticks + trill.wav
11/30/17 12:08:09 D:\Lb ticks + trill.wav
11/30/17 12:10:22 D:\Lb ticks + trill.wav
11/30/17 12:12:59 D:\Lb ticks + trill.wav
11/30/17 12:14:57 D:\Lb ticks + trill.wav
11/30/17 12:16:48 D:\Lb ticks + trill.wav
11/30/17 12:18:44 D:\Lb ticks + trill.wav
11/30/17 12:21:14 D:\Lb ticks + trill.wav
11/30/17 12:23:09 D:\Lb ticks + trill.wav
11/30/17 12:25:21 D:\Lb ticks + trill.wav
11/30/17 12:27:37 D:\Lb ticks + trill.wav
11/30/17 12:36:37 D:\Lb ticks + trill.wav
11/30/17 12:39:27 D:\Lb ticks + trill.wav
11/30/17 12:42:34 D:\Lb ticks + trill.wav
11/30/17 12:47:16 D:\Lb ticks + trill.wav
11/30/17 12:50:20 D:\Lb ticks + trill.wav
11/30/17 12:51:29 D:\Lb ticks + trill.wav
11/30/17 13:35:55 D:\Lb ticks + trill.wav
11/30/17 13:39:58 D:\Lb ticks + trill.wav
11/30/17 13:41:22 D:\Lb ticks + trill.wav
11/30/17 13:43:23 D:\Lb ticks + trill.wav
11/30/17 13:49:24 D:\Lb ticks + trill.wav
12/01/17 12:05:44 D:\Lb ticks + trill.wav
12/01/17 12:19:36 D:\Lb ticks + trill.wav
12/01/17 12:22:53 D:\Lb ticks + trill.wav
12/01/17 12:24:46 D:\Lb ticks + trill.wav
12/01/17 12:26:43 D:\Lb ticks + trill.wav
12/01/17 12:29:59 D:\Lb ticks + trill.wav
12/01/17 12:32:35 D:\Lb ticks + trill.wav
12/01/17 12:35:12 D:\Lb ticks + trill.wav
12/01/17 12:40:10 D:\Lb ticks + trill.wav
12/01/17 12:43:02 D:\Lb ticks + trill.wav
12/01/17 12:46:42 D:\Lb ticks + trill.wav
12/01/17 12:48:58 D:\Lb ticks + trill.wav
12/01/17 12:53:08 D:\Lb ticks + trill.wav
12/01/17 12:55:33 D:\Lb ticks + trill.wav
12/01/17 13:01:05 D:\Lb ticks + trill.wav
12/01/17 13:08:43 D:\Lb ticks + trill.wav
12/01/17 13:13:13 D:\Lb ticks + trill.wav
12/01/17 13:52:33 D:\Lb ticks + trill.wav
12/01/17 13:56:10 D:\Lb ticks + trill.wav
12/01/17 14:18:37 D:\Lb ticks + trill.wav
12/01/17 14:21:55 D:\Lb ticks + trill.wav
12/01/17 14:25:31 D:\Lb ticks + trill.wav
12/01/17 14:30:28 D:\Lb ticks + trill.wav
12/01/17 14:41:37 D:\Lb ticks + trill.wav
12/04/17 12:31:52 D:\Lb ticks + trill.wav
12/04/17 12:39:59 D:\Lb ticks + trill.wav
12/04/17 12:44:03 D:\Lb ticks + trill.wav
12/04/17 12:50:39 D:\Lb ticks + trill.wav
12/04/17 12:53:52 D:\Lb ticks + trill.wav
12/04/17 12:56:56 D:\Lb ticks + trill.wav
12/04/17 13:21:45 D:\Lb ticks + trill.wav
12/04/17 13:24:54 D:\Lb ticks + trill.wav
12/04/17 13:29:22 D:\Lb ticks + trill.wav
12/04/17 13:38:30 D:\Lb ticks + trill.wav
12/04/17 13:41:14 D:\Lb ticks + trill.wav
12/04/17 13:46:46 D:\Lb ticks + trill.wav
12/04/17 13:48:59 D:\Lb ticks + trill.wav
12/04/17 13:52:09 D:\Lb ticks + trill.wav
12/04/17 13:59:33 D:\Lb ticks + trill.wav
12/04/17 14:06:16 D:\Lb ticks + trill.wav
12/04/17 14:08:36 D:\Lb ticks + trill.wav
12/04/17 14:13:40 D:\Lb ticks + trill.wav
12/04/17 14:18:26 D:\Lb ticks + trill.wav
12/04/17 14:25:28 D:\Lb ticks + trill.wav
12/04/17 14:30:14 D:\Lb ticks + trill.wav
12/06/17 13:49:58 D:\Lb ticks + trill.wav
12/06/17 13:54:41 D:\Lb ticks + trill.wav
12/06/17 13:57:26 D:\Lb ticks + trill.wav
12/06/17 13:59:21 D:\Lb ticks + trill.wav
12/06/17 14:01:17 D:\4xTrill.wav
12/06/17 14:01:28 D:\Lb ticks + trill.wav
12/06/17 14:02:45 D:\4xTrill.wav
12/06/17 14:03:27 D:\Lb ticks + trill.wav
12/06/17 14:03:49 D:\4xTrill.wav
12/06/17 14:04:50 D:\4xTrill.wav
12/06/17 14:06:45 D:\4xTrill.wav
12/06/17 14:07:05 D:\4xTrill.wav
12/06/17 14:07:30 D:\4xTrill.wav
12/06/17 14:12:20 D:\Lb ticks + trill.wav
12/06/17 14:16:24 D:\Lb ticks + trill.wav
12/11/17 11:47:13 D:\testnoise_gryllus.wav
12/11/17 11:47:16 D:\testnoise_gryllus.wav
12/12/17 18:42:07 C:\Users\AC2\Documents\Avisoft Bioacoustics\T0000001.wav
12/15/17 13:28:06 C:\Users\AC2\Documents\Avisoft Bioacoustics\Calibration_tone_2017-12-13_13-19-31.wav
12/15/17 13:28:38 C:\Users\AC2\Documents\Avisoft Bioacoustics\Calibration_tone_2017-12-13_13-19-31.wav
12/15/17 13:31:32 C:\Users\AC2\Documents\Avisoft Bioacoustics\Calibration_tone_2017-12-13_13-19-31.wav
01/15/18 13:48:59 C:\Users\AC2\Desktop\Caitlyn\Calibration\Increasing_Freqs_0.3Amp_0.2sIPI_one channel.wav
01/15/18 13:49:33 C:\Users\AC2\Desktop\Caitlyn\Calibration\Increasing_Freqs_0.3Amp_0.2sIPI_one channel.wav
01/15/18 13:51:40 C:\Users\AC2\Desktop\Caitlyn\Calibration\Increasing_Freqs_0.3Amp_0.2sIPI_one channel.wav
01/15/18 13:52:48 C:\Users\AC2\Desktop\Caitlyn\Calibration\Increasing_Freqs_0.3Amp_0.2sIPI_one channel.wav
01/15/18 14:49:10 C:\Users\AC2\Desktop\Caitlyn\Calibration\Increasing_Freqs_0.3Amp_0.2sIPI_one channel.wav
01/15/18 14:49:48 C:\Users\AC2\Desktop\Caitlyn\Calibration\Increasing_Freqs_0.3Amp_0.2sIPI_one channel.wav
01/15/18 14:50:22 C:\Users\AC2\Desktop\Caitlyn\Playback files\Long audiogram\6kHz.wav
01/15/18 14:51:08 C:\Users\AC2\Desktop\Caitlyn\Calibration\Increasing_Freqs_0.3Amp_0.2sIPI_one channel.wav
01/15/18 14:51:56 C:\Users\AC2\Desktop\Caitlyn\Calibration\Increasing_Freqs_0.3Amp_0.2sIPI_one channel.wav
01/15/18 14:53:18 C:\Users\AC2\Desktop\Caitlyn\Calibration\Increasing_Freqs_0.3Amp_0.2sIPI_one channel.wav
01/15/18 14:53:53 C:\Users\AC2\Desktop\Caitlyn\Calibration\Increasing_Freqs_0.3Amp_0.2sIPI_one channel.wav
01/15/18 14:54:11 C:\Users\AC2\Desktop\Caitlyn\Calibration\Increasing_Freqs_0.3Amp_0.2sIPI_one channel.wav
01/15/18 15:05:22 C:\Users\AC2\Desktop\Caitlyn\Calibration\Increasing_Freqs_0.3Amp_0.2sIPI_one channel.wav
01/15/18 15:05:38 C:\Users\AC2\Desktop\Caitlyn\Calibration\Increasing_Freqs_0.3Amp_0.2sIPI_one channel.wav
01/15/18 15:08:25 C:\Users\AC2\Desktop\Caitlyn\Calibration\Increasing_Freqs_0.3Amp_0.2sIPI_one channel.wav
01/15/18 15:12:53 C:\Users\AC2\Desktop\Caitlyn\Calibration\Increasing_Freqs_0.3Amp_0.2sIPI_one channel.wav
01/15/18 15:23:27 C:\Users\AC2\Desktop\Caitlyn\Calibration\Increasing_Freqs_0.3Amp_0.2sIPI_one channel.wav
01/18/18 13:43:27 C:\Users\AC2\Desktop\Caitlyn\Calibration\Increasing_Freqs_0.3Amp_0.2sIPI_one channel.wav
01/18/18 13:44:18 C:\Users\AC2\Desktop\Caitlyn\Calibration\Increasing_Freqs_0.3Amp_0.2sIPI_one channel.wav
01/18/18 13:44:33 C:\Users\AC2\Desktop\Caitlyn\Calibration\Increasing_Freqs_0.3Amp_0.2sIPI_one channel.wav
01/18/18 13:51:51 C:\Users\AC2\Desktop\Caitlyn\Calibration\Increasing_Freqs_0.3Amp_0.2sIPI_one channel.wav
01/18/18 13:53:39 C:\Users\AC2\Desktop\Caitlyn\Calibration\Increasing_Freqs_0.3Amp_0.2sIPI_one channel.wav
01/18/18 13:54:52 C:\Users\AC2\Desktop\Caitlyn\Calibration\Increasing_Freqs_0.3Amp_0.2sIPI_one channel.wav +24dB ch3: +24dB ch3: +24dB
01/18/18 13:56:19 C:\Users\AC2\Desktop\Caitlyn\Calibration\Increasing_Freqs_0.3Amp_0.2sIPI_one channel.wav +24dB ch3: +24dB ch3: +24dB
01/18/18 13:57:35 C:\Users\AC2\Desktop\Caitlyn\Calibration\Increasing_Freqs_0.3Amp_0.2sIPI_one channel.wav -10dB ch3: -10dB ch3: -10dB
01/18/18 13:58:14 C:\Users\AC2\Desktop\Caitlyn\Calibration\Increasing_Freqs_0.3Amp_0.2sIPI_one channel.wav
01/18/18 14:19:49 C:\Users\AC2\Desktop\Caitlyn\Calibration\Increasing_Freqs_0.3Amp_0.2sIPI_one channel - 50-100 kHz.wav
01/18/18 14:28:05 C:\Users\AC2\Desktop\Caitlyn\Calibration\Increasing_Freqs_0.3Amp_0.2sIPI_one channel.wav
01/18/18 14:30:43 C:\Users\AC2\Desktop\Caitlyn\Calibration\Increasing_Freqs_0.3Amp_0.2sIPI_one channel - 50-100 kHz.wav +24dB ch3: +24dB ch3: +24dB
01/18/18 14:39:59 C:\Users\AC2\Desktop\Caitlyn\Calibration\Increasing_Freqs_0.3Amp_0.2sIPI_one channel.wav
01/18/18 14:43:36 C:\Users\AC2\Desktop\Caitlyn\Calibration\Increasing_Freqs_0.3Amp_0.2sIPI_one channel.wav
01/18/18 14:44:37 C:\Users\AC2\Desktop\Caitlyn\Calibration\Increasing_Freqs_0.3Amp_0.2sIPI_one channel - 50-100 kHz.wav
01/18/18 14:44:55 C:\Users\AC2\Desktop\Caitlyn\Calibration\Increasing_Freqs_0.3Amp_0.2sIPI_one channel.wav
01/18/18 15:02:14 C:\Users\AC2\Desktop\Caitlyn\Playback files\Long audiogram\1kHz.wav
01/18/18 15:03:23 C:\Users\AC2\Desktop\Caitlyn\Playback files\Long audiogram\1kHz.wav
01/18/18 15:07:52 C:\Users\AC2\Desktop\Caitlyn\Playback files\Long audiogram\2kHz.wav
01/18/18 15:10:51 C:\Users\AC2\Desktop\Caitlyn\Playback files\Long audiogram\3kHz.wav
01/18/18 15:14:03 C:\Users\AC2\Desktop\Caitlyn\Playback files\Long audiogram\4kHz.wav
01/18/18 15:16:36 C:\Users\AC2\Desktop\Caitlyn\Playback files\Long audiogram\5kHz.wav
01/18/18 15:18:48 C:\Users\AC2\Desktop\Caitlyn\Playback files\Long audiogram\6kHz.wav
01/18/18 15:21:27 C:\Users\AC2\Desktop\Caitlyn\Playback files\Long audiogram\7kHz.wav
01/18/18 15:23:24 C:\Users\AC2\Desktop\Caitlyn\Playback files\Long audiogram\8kHz.wav
01/18/18 15:25:31 C:\Users\AC2\Desktop\Caitlyn\Playback files\Long audiogram\9kHz.wav
01/18/18 15:27:30 C:\Users\AC2\Desktop\Caitlyn\Playback files\Long audiogram\10kHz.wav
01/18/18 15:29:31 C:\Users\AC2\Desktop\Caitlyn\Playback files\Long audiogram\11kHz.wav
01/18/18 15:31:40 C:\Users\AC2\Desktop\Caitlyn\Playback files\Long audiogram\11kHz.wav
01/18/18 15:34:02 C:\Users\AC2\Desktop\Caitlyn\Playback files\Long audiogram\12kHz.wav
01/18/18 15:36:03 C:\Users\AC2\Desktop\Caitlyn\Playback files\Long audiogram\13kHz.wav
01/18/18 15:37:58 C:\Users\AC2\Desktop\Caitlyn\Playback files\Long audiogram\14kHz.wav
01/18/18 15:40:02 C:\Users\AC2\Desktop\Caitlyn\Playback files\Long audiogram\15kHz.wav
01/18/18 15:42:08 C:\Users\AC2\Desktop\Caitlyn\Playback files\Long audiogram\16kHz.wav
01/18/18 15:44:08 C:\Users\AC2\Desktop\Caitlyn\Playback files\Long audiogram\17kHz.wav
01/18/18 15:46:20 C:\Users\AC2\Desktop\Caitlyn\Playback files\Long audiogram\18kHz.wav
01/18/18 15:48:11 C:\Users\AC2\Desktop\Caitlyn\Playback files\Long audiogram\19kHz.wav
01/18/18 15:50:15 C:\Users\AC2\Desktop\Caitlyn\Playback files\Long audiogram\20kHz.wav
01/19/18 09:12:09 C:\Users\AC2\Desktop\Caitlyn\Playback files\Long audiogram\25kHz.wav
01/19/18 09:14:14 C:\Users\AC2\Desktop\Caitlyn\Playback files\Long audiogram\25kHz.wav
01/19/18 09:16:56 C:\Users\AC2\Desktop\Caitlyn\Playback files\Long audiogram\30kHz.wav
01/19/18 09:19:12 C:\Users\AC2\Desktop\Caitlyn\Playback files\Long audiogram\35kHz.wav
01/19/18 09:21:30 C:\Users\AC2\Desktop\Caitlyn\Playback files\Long audiogram\35kHz.wav
01/19/18 09:31:16 C:\Users\AC2\Desktop\Caitlyn\Playback files\Long audiogram\40kHz.wav
01/19/18 09:33:14 C:\Users\AC2\Desktop\Caitlyn\Playback files\Long audiogram\40kHz.wav
01/19/18 09:35:22 C:\Users\AC2\Desktop\Caitlyn\Playback files\Long audiogram\40kHz.wav
01/19/18 09:37:36 C:\Users\AC2\Desktop\Caitlyn\Playback files\Long audiogram\40kHz.wav
01/19/18 09:41:36 C:\Users\AC2\Desktop\Caitlyn\Playback files\Long audiogram\45kHz.wav
01/19/18 09:43:35 C:\Users\AC2\Desktop\Caitlyn\Playback files\Long audiogram\45kHz.wav
01/19/18 09:46:19 C:\Users\AC2\Desktop\Caitlyn\Playback files\Long audiogram\50kHz.wav
01/19/18 09:49:57 C:\Users\AC2\Desktop\Caitlyn\Playback files\Long audiogram\55kHz.wav
01/19/18 09:52:12 C:\Users\AC2\Desktop\Caitlyn\Playback files\Long audiogram\55kHz.wav
01/19/18 09:55:05 C:\Users\AC2\Desktop\Caitlyn\Playback files\Long audiogram\60kHz.wav
01/19/18 09:57:34 C:\Users\AC2\Desktop\Caitlyn\Playback files\Long audiogram\60kHz.wav
01/19/18 10:00:35 C:\Users\AC2\Desktop\Caitlyn\Playback files\Long audiogram\65kHz.wav
01/19/18 10:02:58 C:\Users\AC2\Desktop\Caitlyn\Playback files\Long audiogram\70kHz.wav
01/19/18 10:06:46 C:\Users\AC2\Desktop\Caitlyn\Playback files\Long audiogram\70kHz.wav
01/19/18 10:09:16 C:\Users\AC2\Desktop\Caitlyn\Playback files\Long audiogram\70kHz.wav
01/19/18 10:13:25 C:\Users\AC2\Desktop\Caitlyn\Playback files\Long audiogram\70kHz.wav
01/19/18 10:16:33 C:\Users\AC2\Desktop\Caitlyn\Playback files\Long audiogram\40kHz.wav
01/19/18 10:23:53 C:\Users\AC2\Desktop\Caitlyn\Playback files\Long audiogram\40kHz.wav
01/19/18 10:26:37 C:\Users\AC2\Desktop\Caitlyn\Playback files\Long audiogram\40kHz.wav
01/19/18 10:29:09 C:\Users\AC2\Desktop\Caitlyn\Playback files\Long audiogram\40kHz.wav
01/19/18 10:31:37 C:\Users\AC2\Desktop\Caitlyn\Playback files\Long audiogram\45kHz.wav
01/19/18 10:33:16 C:\Users\AC2\Desktop\Caitlyn\Playback files\Long audiogram\50kHz.wav
01/19/18 10:34:29 C:\Users\AC2\Desktop\Caitlyn\Playback files\Long audiogram\55kHz.wav
01/19/18 10:36:41 C:\Users\AC2\Desktop\Caitlyn\Playback files\Long audiogram\55kHz.wav
01/19/18 10:38:09 C:\Users\AC2\Desktop\Caitlyn\Playback files\Long audiogram\60kHz.wav
01/19/18 10:39:28 C:\Users\AC2\Desktop\Caitlyn\Playback files\Long audiogram\65kHz.wav
01/19/18 10:40:47 C:\Users\AC2\Desktop\Caitlyn\Playback files\Long audiogram\70kHz.wav
01/19/18 10:42:50 C:\Users\AC2\Desktop\Caitlyn\Playback files\Long audiogram\70kHz.wav
01/19/18 10:44:40 C:\Users\AC2\Desktop\Caitlyn\Playback files\Long audiogram\75kHz.wav
01/19/18 10:46:46 C:\Users\AC2\Desktop\Caitlyn\Playback files\Long audiogram\75kHz.wav
01/19/18 10:48:28 C:\Users\AC2\Desktop\Caitlyn\Playback files\Long audiogram\80kHz.wav
01/19/18 10:50:51 C:\Users\AC2\Desktop\Caitlyn\Playback files\Long audiogram\80kHz.wav
01/19/18 10:53:13 C:\Users\AC2\Desktop\Caitlyn\Playback files\Long audiogram\80kHz.wav
01/19/18 10:55:43 C:\Users\AC2\Desktop\Caitlyn\Playback files\Long audiogram\40kHz.wav
01/19/18 10:55:49 C:\Users\AC2\Desktop\Caitlyn\Playback files\Long audiogram\80kHz.wav
01/19/18 10:57:43 C:\Users\AC2\Desktop\Caitlyn\Playback files\Long audiogram\80kHz.wav
01/19/18 10:59:12 C:\Users\AC2\Desktop\Caitlyn\Playback files\Long audiogram\65kHz.wav
01/19/18 11:01:12 C:\Users\AC2\Desktop\Caitlyn\Playback files\Long audiogram\85kHz.wav
01/19/18 11:03:16 C:\Users\AC2\Desktop\Caitlyn\Playback files\Long audiogram\85kHz.wav
01/19/18 11:04:49 C:\Users\AC2\Desktop\Caitlyn\Playback files\Long audiogram\90kHz.wav
01/19/18 11:06:42 C:\Users\AC2\Desktop\Caitlyn\Playback files\Long audiogram\90kHz.wav
01/19/18 11:51:33 C:\Users\AC2\Desktop\Caitlyn\Playback files\Long audiogram\1kHz.wav
01/19/18 11:52:11 C:\Users\AC2\Desktop\Caitlyn\Playback files\Long audiogram\1kHz.wav
01/19/18 11:54:27 C:\Users\AC2\Desktop\Caitlyn\Playback files\Long audiogram\2kHz.wav
01/19/18 11:56:32 C:\Users\AC2\Desktop\Caitlyn\Playback files\Long audiogram\2kHz.wav
01/19/18 11:58:11 C:\Users\AC2\Desktop\Caitlyn\Playback files\Long audiogram\3kHz.wav
01/19/18 11:59:58 C:\Users\AC2\Desktop\Caitlyn\Playback files\Long audiogram\3kHz.wav
01/19/18 12:01:34 C:\Users\AC2\Desktop\Caitlyn\Playback files\Long audiogram\4kHz.wav
01/19/18 12:10:40 C:\Users\AC2\Desktop\Caitlyn\Playback files\Long audiogram\4kHz.wav
01/19/18 12:12:34 C:\Users\AC2\Desktop\Caitlyn\Playback files\Long audiogram\5kHz.wav
01/19/18 12:14:29 C:\Users\AC2\Desktop\Caitlyn\Playback files\Long audiogram\5kHz.wav
01/19/18 12:15:58 C:\Users\AC2\Desktop\Caitlyn\Playback files\Long audiogram\6kHz.wav
01/19/18 12:17:42 C:\Users\AC2\Desktop\Caitlyn\Playback files\Long audiogram\6kHz.wav
01/19/18 12:19:38 C:\Users\AC2\Desktop\Caitlyn\Playback files\Long audiogram\7kHz.wav
01/19/18 12:21:35 C:\Users\AC2\Desktop\Caitlyn\Playback files\Long audiogram\7kHz.wav
01/19/18 12:22:58 C:\Users\AC2\Desktop\Caitlyn\Playback files\Long audiogram\8kHz.wav
01/19/18 12:24:40 C:\Users\AC2\Desktop\Caitlyn\Playback files\Long audiogram\8kHz.wav
01/19/18 12:26:11 C:\Users\AC2\Desktop\Caitlyn\Playback files\Long audiogram\9kHz.wav
01/19/18 12:28:17 C:\Users\AC2\Desktop\Caitlyn\Playback files\Long audiogram\9kHz.wav
01/19/18 12:29:45 C:\Users\AC2\Desktop\Caitlyn\Playback files\Long audiogram\10kHz.wav
01/19/18 12:31:31 C:\Users\AC2\Desktop\Caitlyn\Playback files\Long audiogram\10kHz.wav
01/19/18 12:32:58 C:\Users\AC2\Desktop\Caitlyn\Playback files\Long audiogram\11kHz.wav
01/19/18 12:34:47 C:\Users\AC2\Desktop\Caitlyn\Playback files\Long audiogram\11kHz.wav
01/19/18 12:36:16 C:\Users\AC2\Desktop\Caitlyn\Playback files\Long audiogram\12kHz.wav
01/19/18 12:38:05 C:\Users\AC2\Desktop\Caitlyn\Playback files\Long audiogram\12kHz.wav
01/19/18 12:39:38 C:\Users\AC2\Desktop\Caitlyn\Playback files\Long audiogram\13kHz.wav
01/19/18 12:41:28 C:\Users\AC2\Desktop\Caitlyn\Playback files\Long audiogram\13kHz.wav
01/19/18 12:43:08 C:\Users\AC2\Desktop\Caitlyn\Playback files\Long audiogram\14kHz.wav
01/19/18 12:45:09 C:\Users\AC2\Desktop\Caitlyn\Playback files\Long audiogram\14kHz.wav
01/19/18 12:46:46 C:\Users\AC2\Desktop\Caitlyn\Playback files\Long audiogram\15kHz.wav
01/19/18 12:48:40 C:\Users\AC2\Desktop\Caitlyn\Playback files\Long audiogram\15kHz.wav
01/19/18 12:50:12 C:\Users\AC2\Desktop\Caitlyn\Playback files\Long audiogram\16kHz.wav
01/19/18 12:51:52 C:\Users\AC2\Desktop\Caitlyn\Playback files\Long audiogram\16kHz.wav
01/19/18 12:53:38 C:\Users\AC2\Desktop\Caitlyn\Playback files\Long audiogram\17kHz.wav
01/19/18 12:55:38 C:\Users\AC2\Desktop\Caitlyn\Playback files\Long audiogram\17kHz.wav
01/19/18 12:57:10 C:\Users\AC2\Desktop\Caitlyn\Playback files\Long audiogram\18kHz.wav
01/19/18 12:59:07 C:\Users\AC2\Desktop\Caitlyn\Playback files\Long audiogram\18kHz.wav
01/19/18 13:00:43 C:\Users\AC2\Desktop\Caitlyn\Playback files\Long audiogram\19kHz.wav
01/19/18 13:02:42 C:\Users\AC2\Desktop\Caitlyn\Playback files\Long audiogram\19kHz.wav
01/19/18 13:04:17 C:\Users\AC2\Desktop\Caitlyn\Playback files\Long audiogram\20kHz.wav
01/19/18 13:06:02 C:\Users\AC2\Desktop\Caitlyn\Playback files\Long audiogram\20kHz.wav
01/19/18 13:07:32 C:\Users\AC2\Desktop\Caitlyn\Playback files\Long audiogram\25kHz.wav
01/19/18 13:09:17 C:\Users\AC2\Desktop\Caitlyn\Playback files\Long audiogram\25kHz.wav
01/19/18 13:11:16 C:\Users\AC2\Desktop\Caitlyn\Playback files\Long audiogram\30kHz.wav
01/19/18 13:13:16 C:\Users\AC2\Desktop\Caitlyn\Playback files\Long audiogram\30kHz.wav
01/19/18 13:14:47 C:\Users\AC2\Desktop\Caitlyn\Playback files\Long audiogram\35kHz.wav
01/19/18 13:16:38 C:\Users\AC2\Desktop\Caitlyn\Playback files\Long audiogram\35kHz.wav
01/19/18 14:50:52 C:\Users\AC2\Desktop\Caitlyn\Playback files\Long audiogram\10kHz.wav
01/19/18 14:57:28 C:\Users\AC2\Desktop\Caitlyn\Playback files\Long audiogram\12kHz.wav
01/19/18 14:58:22 C:\Users\AC2\Desktop\Caitlyn\Playback files\Long audiogram\7kHz.wav
01/19/18 14:59:06 C:\Users\AC2\Desktop\Caitlyn\Playback files\Long audiogram\17kHz.wav
01/19/18 15:00:03 C:\Users\AC2\Desktop\Caitlyn\Playback files\Long audiogram\20kHz.wav
01/19/18 15:01:12 C:\Users\AC2\Desktop\Caitlyn\Playback files\Long audiogram\3kHz.wav
01/19/18 15:01:58 C:\Users\AC2\Desktop\Caitlyn\Playback files\Long audiogram\14kHz.wav
01/19/18 15:02:50 C:\Users\AC2\Desktop\Caitlyn\Playback files\Long audiogram\19kHz.wav
01/19/18 15:03:35 C:\Users\AC2\Desktop\Caitlyn\Playback files\Long audiogram\30kHz.wav
01/19/18 15:04:22 C:\Users\AC2\Desktop\Caitlyn\Playback files\Long audiogram\1kHz.wav
01/19/18 15:05:33 C:\Users\AC2\Desktop\Caitlyn\Playback files\Long audiogram\11kHz.wav
01/19/18 15:07:06 C:\Users\AC2\Desktop\Caitlyn\Playback files\Long audiogram\15kHz.wav
01/19/18 15:07:57 C:\Users\AC2\Desktop\Caitlyn\Playback files\Long audiogram\5kHz.wav
01/19/18 15:08:46 C:\Users\AC2\Desktop\Caitlyn\Playback files\Long audiogram\8kHz.wav
01/19/18 15:09:58 C:\Users\AC2\Desktop\Caitlyn\Playback files\Long audiogram\13kHz.wav
01/19/18 15:10:46 C:\Users\AC2\Desktop\Caitlyn\Playback files\Long audiogram\16kHz.wav
01/19/18 15:11:36 C:\Users\AC2\Desktop\Caitlyn\Playback files\Long audiogram\6kHz.wav
01/19/18 15:12:22 C:\Users\AC2\Desktop\Caitlyn\Playback files\Long audiogram\9kHz.wav
01/19/18 15:13:08 C:\Users\AC2\Desktop\Caitlyn\Playback files\Long audiogram\4kHz.wav
01/19/18 15:13:56 C:\Users\AC2\Desktop\Caitlyn\Playback files\Long audiogram\18kHz.wav
01/19/18 15:14:49 C:\Users\AC2\Desktop\Caitlyn\Playback files\Long audiogram\35kHz.wav
01/19/18 15:15:37 C:\Users\AC2\Desktop\Caitlyn\Playback files\Long audiogram\25kHz.wav
01/19/18 15:16:26 C:\Users\AC2\Desktop\Caitlyn\Playback files\Long audiogram\2kHz.wav
01/19/18 15:18:04 C:\Users\AC2\Desktop\Caitlyn\Playback files\Long audiogram\65kHz.wav
01/19/18 15:19:18 C:\Users\AC2\Desktop\Caitlyn\Playback files\Long audiogram\80kHz.wav
01/19/18 15:20:03 C:\Users\AC2\Desktop\Caitlyn\Playback files\Long audiogram\85kHz.wav
01/19/18 15:20:51 C:\Users\AC2\Desktop\Caitlyn\Playback files\Long audiogram\50kHz.wav
01/19/18 15:21:35 C:\Users\AC2\Desktop\Caitlyn\Playback files\Long audiogram\60kHz.wav
01/19/18 15:22:20 C:\Users\AC2\Desktop\Caitlyn\Playback files\Long audiogram\45kHz.wav
01/19/18 15:23:02 C:\Users\AC2\Desktop\Caitlyn\Playback files\Long audiogram\55kHz.wav
01/19/18 15:23:46 C:\Users\AC2\Desktop\Caitlyn\Playback files\Long audiogram\90kHz.wav
01/19/18 15:24:32 C:\Users\AC2\Desktop\Caitlyn\Playback files\Long audiogram\70kHz.wav
01/19/18 15:25:14 C:\Users\AC2\Desktop\Caitlyn\Playback files\Long audiogram\75kHz.wav
01/19/18 15:25:55 C:\Users\AC2\Desktop\Caitlyn\Playback files\Long audiogram\40kHz.wav
01/19/18 16:17:49 C:\Users\AC2\Desktop\Caitlyn\Playback files\lowFreq\35kHz.wav
01/19/18 16:18:48 C:\Users\AC2\Desktop\Caitlyn\Playback files\lowFreq\1kHz.wav
01/19/18 16:20:49 C:\Users\AC2\Desktop\Caitlyn\Playback files\lowFreq\6kHz.wav
01/19/18 16:21:23 C:\Users\AC2\Desktop\Caitlyn\Playback files\lowFreq\7kHz.wav
01/19/18 16:21:57 C:\Users\AC2\Desktop\Caitlyn\Playback files\lowFreq\8kHz.wav
01/19/18 16:22:26 C:\Users\AC2\Desktop\Caitlyn\Playback files\lowFreq\2kHz.wav
01/19/18 16:23:00 C:\Users\AC2\Desktop\Caitlyn\Playback files\lowFreq\4kHz.wav
01/19/18 16:23:33 C:\Users\AC2\Desktop\Caitlyn\Playback files\lowFreq\3kHz.wav
01/19/18 16:24:07 C:\Users\AC2\Desktop\Caitlyn\Playback files\lowFreq\10kHz.wav
01/19/18 16:24:41 C:\Users\AC2\Desktop\Caitlyn\Playback files\lowFreq\11kHz.wav
01/19/18 16:25:15 C:\Users\AC2\Desktop\Caitlyn\Playback files\lowFreq\18kHz.wav
01/19/18 16:25:48 C:\Users\AC2\Desktop\Caitlyn\Playback files\lowFreq\25kHz.wav
01/19/18 16:26:22 C:\Users\AC2\Desktop\Caitlyn\Playback files\lowFreq\17kHz.wav
01/19/18 16:26:56 C:\Users\AC2\Desktop\Caitlyn\Playback files\lowFreq\20kHz.wav
01/19/18 16:27:30 C:\Users\AC2\Desktop\Caitlyn\Playback files\lowFreq\6kHz.wav
01/19/18 16:28:03 C:\Users\AC2\Desktop\Caitlyn\Playback files\lowFreq\12kHz.wav
01/19/18 16:28:37 C:\Users\AC2\Desktop\Caitlyn\Playback files\lowFreq\35kHz.wav
01/19/18 16:29:11 C:\Users\AC2\Desktop\Caitlyn\Playback files\lowFreq\19kHz.wav
01/19/18 16:29:44 C:\Users\AC2\Desktop\Caitlyn\Playback files\lowFreq\8kHz.wav
01/19/18 16:30:18 C:\Users\AC2\Desktop\Caitlyn\Playback files\lowFreq\9kHz.wav
01/19/18 16:30:52 C:\Users\AC2\Desktop\Caitlyn\Playback files\lowFreq\14kHz.wav
01/19/18 16:31:26 C:\Users\AC2\Desktop\Caitlyn\Playback files\lowFreq\15kHz.wav
01/19/18 16:31:59 C:\Users\AC2\Desktop\Caitlyn\Playback files\lowFreq\7kHz.wav
01/19/18 16:32:33 C:\Users\AC2\Desktop\Caitlyn\Playback files\lowFreq\13kHz.wav
01/19/18 16:33:07 C:\Users\AC2\Desktop\Caitlyn\Playback files\lowFreq\16kHz.wav
01/19/18 16:33:41 C:\Users\AC2\Desktop\Caitlyn\Playback files\lowFreq\30kHz.wav
01/19/18 16:34:14 C:\Users\AC2\Desktop\Caitlyn\Playback files\lowFreq\1kHz.wav
01/19/18 16:34:48 C:\Users\AC2\Desktop\Caitlyn\Playback files\lowFreq\5kHz.wav
01/19/18 16:36:15 C:\Users\AC2\Desktop\Caitlyn\Playback files\highFreq\60kHz.wav
01/19/18 16:36:23 C:\Users\AC2\Desktop\Caitlyn\Playback files\highFreq\50kHz.wav
01/19/18 16:36:40 C:\Users\AC2\Desktop\Caitlyn\Playback files\highFreq\50kHz.wav
01/19/18 16:37:13 C:\Users\AC2\Desktop\Caitlyn\Playback files\highFreq\65kHz.wav
01/19/18 16:37:47 C:\Users\AC2\Desktop\Caitlyn\Playback files\highFreq\70kHz.wav
01/19/18 16:38:21 C:\Users\AC2\Desktop\Caitlyn\Playback files\highFreq\75kHz.wav
01/19/18 16:38:55 C:\Users\AC2\Desktop\Caitlyn\Playback files\highFreq\80kHz.wav
01/19/18 16:39:29 C:\Users\AC2\Desktop\Caitlyn\Playback files\highFreq\45kHz.wav
01/19/18 16:40:03 C:\Users\AC2\Desktop\Caitlyn\Playback files\highFreq\40kHz.wav
01/19/18 16:40:36 C:\Users\AC2\Desktop\Caitlyn\Playback files\highFreq\90kHz.wav
01/19/18 16:41:10 C:\Users\AC2\Desktop\Caitlyn\Playback files\highFreq\85kHz.wav
01/19/18 16:41:44 C:\Users\AC2\Desktop\Caitlyn\Playback files\highFreq\55kHz.wav
01/19/18 16:42:18 C:\Users\AC2\Desktop\Caitlyn\Playback files\highFreq\60kHz.wav
01/20/18 12:46:58 C:\Users\AC2\Desktop\Caitlyn\Playback files\lowFreq\16kHz.wav
01/20/18 12:48:13 C:\Users\AC2\Desktop\Caitlyn\Playback files\Long audiogram\13kHz.wav
01/20/18 12:48:47 C:\Users\AC2\Desktop\Caitlyn\Playback files\Long audiogram\20kHz.wav
01/20/18 12:49:21 C:\Users\AC2\Desktop\Caitlyn\Playback files\Long audiogram\7kHz.wav
01/20/18 12:49:54 C:\Users\AC2\Desktop\Caitlyn\Playback files\Long audiogram\6kHz.wav
01/20/18 12:50:28 C:\Users\AC2\Desktop\Caitlyn\Playback files\Long audiogram\35kHz.wav
01/20/18 12:51:02 C:\Users\AC2\Desktop\Caitlyn\Playback files\Long audiogram\8kHz.wav
01/20/18 12:54:24 C:\Users\AC2\Desktop\Caitlyn\Playback files\Long audiogram\25kHz.wav
01/20/18 12:54:58 C:\Users\AC2\Desktop\Caitlyn\Playback files\Long audiogram\7kHz.wav
01/20/18 12:55:32 C:\Users\AC2\Desktop\Caitlyn\Playback files\Long audiogram\45kHz.wav
01/20/18 12:56:06 C:\Users\AC2\Desktop\Caitlyn\Playback files\Long audiogram\16kHz.wav
01/20/18 12:56:39 C:\Users\AC2\Desktop\Caitlyn\Playback files\Long audiogram\19kHz.wav
01/20/18 12:57:13 C:\Users\AC2\Desktop\Caitlyn\Playback files\Long audiogram\14kHz.wav
01/20/18 12:57:47 C:\Users\AC2\Desktop\Caitlyn\Playback files\Long audiogram\1kHz.wav
01/20/18 12:58:21 C:\Users\AC2\Desktop\Caitlyn\Playback files\Long audiogram\20kHz.wav
01/20/18 12:58:54 C:\Users\AC2\Desktop\Caitlyn\Playback files\Long audiogram\15kHz.wav
01/20/18 12:59:28 C:\Users\AC2\Desktop\Caitlyn\Playback files\Long audiogram\60kHz.wav
01/20/18 13:00:02 C:\Users\AC2\Desktop\Caitlyn\Playback files\Long audiogram\12kHz.wav
01/20/18 13:00:36 C:\Users\AC2\Desktop\Caitlyn\Playback files\Long audiogram\55kHz.wav
01/20/18 13:01:10 C:\Users\AC2\Desktop\Caitlyn\Playback files\Long audiogram\90kHz.wav
01/20/18 13:01:43 C:\Users\AC2\Desktop\Caitlyn\Playback files\Long audiogram\65kHz.wav
01/20/18 13:02:17 C:\Users\AC2\Desktop\Caitlyn\Playback files\Long audiogram\3kHz.wav
01/20/18 13:02:51 C:\Users\AC2\Desktop\Caitlyn\Playback files\Long audiogram\75kHz.wav
01/20/18 13:03:25 C:\Users\AC2\Desktop\Caitlyn\Playback files\Long audiogram\11kHz.wav
01/20/18 13:03:59 C:\Users\AC2\Desktop\Caitlyn\Playback files\Long audiogram\85kHz.wav
01/20/18 13:04:32 C:\Users\AC2\Desktop\Caitlyn\Playback files\Long audiogram\70kHz.wav
01/20/18 13:05:06 C:\Users\AC2\Desktop\Caitlyn\Playback files\Long audiogram\50kHz.wav
01/20/18 13:24:37 C:\Users\AC2\Desktop\Caitlyn\Playback files\lowFreq\35kHz.wav
01/20/18 13:25:16 C:\Users\AC2\Desktop\Caitlyn\Playback files\lowFreq\30kHz.wav
01/20/18 13:25:50 C:\Users\AC2\Desktop\Caitlyn\Playback files\lowFreq\10kHz.wav
01/20/18 13:26:24 C:\Users\AC2\Desktop\Caitlyn\Playback files\lowFreq\1kHz.wav
01/20/18 13:26:58 C:\Users\AC2\Desktop\Caitlyn\Playback files\lowFreq\5kHz.wav
01/20/18 13:27:31 C:\Users\AC2\Desktop\Caitlyn\Playback files\lowFreq\3kHz.wav
01/20/18 13:28:05 C:\Users\AC2\Desktop\Caitlyn\Playback files\lowFreq\2kHz.wav
01/20/18 13:28:39 C:\Users\AC2\Desktop\Caitlyn\Playback files\lowFreq\18kHz.wav
01/20/18 13:29:12 C:\Users\AC2\Desktop\Caitlyn\Playback files\lowFreq\9kHz.wav
01/20/18 13:29:46 C:\Users\AC2\Desktop\Caitlyn\Playback files\lowFreq\11kHz.wav
01/20/18 13:30:20 C:\Users\AC2\Desktop\Caitlyn\Playback files\lowFreq\25kHz.wav
01/20/18 13:30:54 C:\Users\AC2\Desktop\Caitlyn\Playback files\lowFreq\19kHz.wav
01/20/18 13:31:27 C:\Users\AC2\Desktop\Caitlyn\Playback files\lowFreq\16kHz.wav
01/20/18 13:49:40 C:\Users\AC2\Desktop\Caitlyn\Playback files\lowFreq\10kHz.wav
01/20/18 13:50:14 C:\Users\AC2\Desktop\Caitlyn\Playback files\lowFreq\1kHz.wav
01/20/18 13:50:28 C:\Users\AC2\Desktop\Caitlyn\Playback files\lowFreq\35kHz.wav
01/20/18 13:51:01 C:\Users\AC2\Desktop\Caitlyn\Playback files\lowFreq\18kHz.wav
01/20/18 13:51:35 C:\Users\AC2\Desktop\Caitlyn\Playback files\lowFreq\30kHz.wav
01/20/18 13:52:09 C:\Users\AC2\Desktop\Caitlyn\Playback files\lowFreq\5kHz.wav
01/20/18 13:52:43 C:\Users\AC2\Desktop\Caitlyn\Playback files\lowFreq\17kHz.wav
01/20/18 13:53:16 C:\Users\AC2\Desktop\Caitlyn\Playback files\lowFreq\15kHz.wav
01/20/18 13:53:50 C:\Users\AC2\Desktop\Caitlyn\Playback files\lowFreq\4kHz.wav
01/20/18 13:54:24 C:\Users\AC2\Desktop\Caitlyn\Playback files\lowFreq\6kHz.wav
01/20/18 13:54:57 C:\Users\AC2\Desktop\Caitlyn\Playback files\lowFreq\19kHz.wav
01/20/18 13:55:31 C:\Users\AC2\Desktop\Caitlyn\Playback files\lowFreq\2kHz.wav
01/20/18 13:56:05 C:\Users\AC2\Desktop\Caitlyn\Playback files\lowFreq\20kHz.wav
01/20/18 13:56:39 C:\Users\AC2\Desktop\Caitlyn\Playback files\lowFreq\10kHz.wav
01/20/18 13:57:12 C:\Users\AC2\Desktop\Caitlyn\Playback files\lowFreq\16kHz.wav
01/20/18 13:57:46 C:\Users\AC2\Desktop\Caitlyn\Playback files\lowFreq\12kHz.wav
01/20/18 13:58:20 C:\Users\AC2\Desktop\Caitlyn\Playback files\lowFreq\1kHz.wav
01/20/18 13:58:54 C:\Users\AC2\Desktop\Caitlyn\Playback files\lowFreq\8kHz.wav
01/20/18 13:59:27 C:\Users\AC2\Desktop\Caitlyn\Playback files\lowFreq\14kHz.wav
01/20/18 14:00:01 C:\Users\AC2\Desktop\Caitlyn\Playback files\lowFreq\25kHz.wav
01/20/18 14:00:35 C:\Users\AC2\Desktop\Caitlyn\Playback files\lowFreq\3kHz.wav
01/20/18 14:01:09 C:\Users\AC2\Desktop\Caitlyn\Playback files\lowFreq\11kHz.wav
01/20/18 14:01:42 C:\Users\AC2\Desktop\Caitlyn\Playback files\lowFreq\7kHz.wav
01/20/18 14:02:16 C:\Users\AC2\Desktop\Caitlyn\Playback files\lowFreq\9kHz.wav
01/20/18 14:02:50 C:\Users\AC2\Desktop\Caitlyn\Playback files\lowFreq\13kHz.wav
01/20/18 14:04:30 C:\Users\AC2\Desktop\Caitlyn\Playback files\highFreq\65kHz.wav
01/20/18 14:05:03 C:\Users\AC2\Desktop\Caitlyn\Playback files\highFreq\40kHz.wav
01/20/18 14:05:37 C:\Users\AC2\Desktop\Caitlyn\Playback files\highFreq\55kHz.wav
01/20/18 14:06:11 C:\Users\AC2\Desktop\Caitlyn\Playback files\highFreq\80kHz.wav
01/20/18 14:06:45 C:\Users\AC2\Desktop\Caitlyn\Playback files\highFreq\75kHz.wav
01/20/18 14:07:19 C:\Users\AC2\Desktop\Caitlyn\Playback files\highFreq\45kHz.wav
01/20/18 14:07:53 C:\Users\AC2\Desktop\Caitlyn\Playback files\highFreq\85kHz.wav
01/20/18 14:08:26 C:\Users\AC2\Desktop\Caitlyn\Playback files\highFreq\90kHz.wav
01/20/18 14:09:00 C:\Users\AC2\Desktop\Caitlyn\Playback files\highFreq\60kHz.wav
01/20/18 14:09:34 C:\Users\AC2\Desktop\Caitlyn\Playback files\highFreq\70kHz.wav
01/20/18 14:10:08 C:\Users\AC2\Desktop\Caitlyn\Playback files\highFreq\50kHz.wav
01/20/18 14:27:04 C:\Users\AC2\Desktop\Caitlyn\Playback files\Long audiogram\10kHz.wav
01/20/18 14:27:38 C:\Users\AC2\Desktop\Caitlyn\Playback files\Long audiogram\11kHz.wav
01/20/18 14:28:11 C:\Users\AC2\Desktop\Caitlyn\Playback files\Long audiogram\12kHz.wav
01/20/18 14:28:45 C:\Users\AC2\Desktop\Caitlyn\Playback files\Long audiogram\13kHz.wav
01/20/18 14:29:19 C:\Users\AC2\Desktop\Caitlyn\Playback files\Long audiogram\14kHz.wav
01/20/18 14:29:53 C:\Users\AC2\Desktop\Caitlyn\Playback files\Long audiogram\15kHz.wav
01/20/18 14:30:26 C:\Users\AC2\Desktop\Caitlyn\Playback files\Long audiogram\16kHz.wav
01/20/18 14:31:00 C:\Users\AC2\Desktop\Caitlyn\Playback files\Long audiogram\17kHz.wav
01/20/18 14:31:34 C:\Users\AC2\Desktop\Caitlyn\Playback files\Long audiogram\18kHz.wav
01/20/18 14:32:08 C:\Users\AC2\Desktop\Caitlyn\Playback files\Long audiogram\19kHz.wav
01/20/18 14:32:41 C:\Users\AC2\Desktop\Caitlyn\Playback files\Long audiogram\20kHz.wav
01/20/18 14:33:15 C:\Users\AC2\Desktop\Caitlyn\Playback files\Long audiogram\25kHz.wav
01/20/18 14:33:49 C:\Users\AC2\Desktop\Caitlyn\Playback files\Long audiogram\30kHz.wav
01/20/18 14:34:23 C:\Users\AC2\Desktop\Caitlyn\Playback files\Long audiogram\35kHz.wav
01/20/18 14:34:56 C:\Users\AC2\Desktop\Caitlyn\Playback files\Long audiogram\40kHz.wav
01/20/18 14:35:30 C:\Users\AC2\Desktop\Caitlyn\Playback files\Long audiogram\45kHz.wav
01/20/18 14:36:04 C:\Users\AC2\Desktop\Caitlyn\Playback files\Long audiogram\50kHz.wav
01/20/18 14:36:38 C:\Users\AC2\Desktop\Caitlyn\Playback files\Long audiogram\55kHz.wav
01/20/18 14:37:11 C:\Users\AC2\Desktop\Caitlyn\Playback files\Long audiogram\60kHz.wav
01/20/18 14:37:45 C:\Users\AC2\Desktop\Caitlyn\Playback files\Long audiogram\65kHz.wav
01/20/18 14:38:19 C:\Users\AC2\Desktop\Caitlyn\Playback files\Long audiogram\70kHz.wav
01/20/18 14:38:53 C:\Users\AC2\Desktop\Caitlyn\Playback files\Long audiogram\75kHz.wav
01/20/18 14:39:27 C:\Users\AC2\Desktop\Caitlyn\Playback files\Long audiogram\80kHz.wav
01/20/18 14:40:01 C:\Users\AC2\Desktop\Caitlyn\Playback files\Long audiogram\85kHz.wav
01/20/18 14:40:34 C:\Users\AC2\Desktop\Caitlyn\Playback files\Long audiogram\90kHz.wav
01/21/18 16:34:53 C:\Users\AC2\Desktop\Caitlyn\Playback files\lowFreq\19kHz.wav
01/21/18 16:35:10 C:\Users\AC2\Desktop\Caitlyn\Playback files\lowFreq\14kHz.wav
01/21/18 16:35:44 C:\Users\AC2\Desktop\Caitlyn\Playback files\lowFreq\17kHz.wav
01/21/18 16:36:18 C:\Users\AC2\Desktop\Caitlyn\Playback files\lowFreq\18kHz.wav
01/21/18 16:36:52 C:\Users\AC2\Desktop\Caitlyn\Playback files\lowFreq\9kHz.wav
01/21/18 16:37:25 C:\Users\AC2\Desktop\Caitlyn\Playback files\lowFreq\7kHz.wav
01/21/18 16:37:59 C:\Users\AC2\Desktop\Caitlyn\Playback files\lowFreq\11kHz.wav
01/21/18 16:38:33 C:\Users\AC2\Desktop\Caitlyn\Playback files\lowFreq\6kHz.wav
01/21/18 16:39:07 C:\Users\AC2\Desktop\Caitlyn\Playback files\lowFreq\3kHz.wav
01/21/18 16:39:40 C:\Users\AC2\Desktop\Caitlyn\Playback files\lowFreq\10kHz.wav
01/21/18 16:40:14 C:\Users\AC2\Desktop\Caitlyn\Playback files\lowFreq\19kHz.wav
01/21/18 16:40:48 C:\Users\AC2\Desktop\Caitlyn\Playback files\lowFreq\25kHz.wav
01/21/18 16:41:22 C:\Users\AC2\Desktop\Caitlyn\Playback files\lowFreq\2kHz.wav
01/21/18 16:41:55 C:\Users\AC2\Desktop\Caitlyn\Playback files\lowFreq\4kHz.wav
01/21/18 16:42:29 C:\Users\AC2\Desktop\Caitlyn\Playback files\lowFreq\8kHz.wav
01/21/18 16:43:03 C:\Users\AC2\Desktop\Caitlyn\Playback files\lowFreq\35kHz.wav
01/21/18 16:43:37 C:\Users\AC2\Desktop\Caitlyn\Playback files\lowFreq\30kHz.wav
01/21/18 16:44:10 C:\Users\AC2\Desktop\Caitlyn\Playback files\lowFreq\15kHz.wav
01/21/18 16:44:44 C:\Users\AC2\Desktop\Caitlyn\Playback files\lowFreq\1kHz.wav
01/21/18 16:45:18 C:\Users\AC2\Desktop\Caitlyn\Playback files\lowFreq\16kHz.wav
01/21/18 16:45:52 C:\Users\AC2\Desktop\Caitlyn\Playback files\lowFreq\8kHz.wav
01/21/18 16:46:25 C:\Users\AC2\Desktop\Caitlyn\Playback files\lowFreq\35kHz.wav
01/21/18 16:46:59 C:\Users\AC2\Desktop\Caitlyn\Playback files\lowFreq\30kHz.wav
01/21/18 16:47:33 C:\Users\AC2\Desktop\Caitlyn\Playback files\lowFreq\15kHz.wav
01/21/18 16:48:07 C:\Users\AC2\Desktop\Caitlyn\Playback files\lowFreq\1kHz.wav
01/21/18 16:48:40 C:\Users\AC2\Desktop\Caitlyn\Playback files\lowFreq\16kHz.wav
01/21/18 16:49:14 C:\Users\AC2\Desktop\Caitlyn\Playback files\lowFreq\5kHz.wav
01/21/18 16:49:48 C:\Users\AC2\Desktop\Caitlyn\Playback files\lowFreq\13kHz.wav
01/21/18 16:50:22 C:\Users\AC2\Desktop\Caitlyn\Playback files\lowFreq\12kHz.wav
01/21/18 16:50:55 C:\Users\AC2\Desktop\Caitlyn\Playback files\lowFreq\20kHz.wav
01/21/18 16:52:09 C:\Users\AC2\Desktop\Caitlyn\Playback files\highFreq\40kHz.wav
01/21/18 16:52:42 C:\Users\AC2\Desktop\Caitlyn\Playback files\highFreq\90kHz.wav
01/21/18 16:53:16 C:\Users\AC2\Desktop\Caitlyn\Playback files\highFreq\45kHz.wav
01/21/18 16:53:50 C:\Users\AC2\Desktop\Caitlyn\Playback files\highFreq\60kHz.wav
01/21/18 16:54:24 C:\Users\AC2\Desktop\Caitlyn\Playback files\highFreq\55kHz.wav
01/21/18 16:54:57 C:\Users\AC2\Desktop\Caitlyn\Playback files\highFreq\50kHz.wav
01/21/18 16:55:31 C:\Users\AC2\Desktop\Caitlyn\Playback files\highFreq\75kHz.wav
01/21/18 16:56:05 C:\Users\AC2\Desktop\Caitlyn\Playback files\highFreq\80kHz.wav
01/21/18 16:56:39 C:\Users\AC2\Desktop\Caitlyn\Playback files\highFreq\65kHz.wav
01/21/18 16:57:13 C:\Users\AC2\Desktop\Caitlyn\Playback files\highFreq\70kHz.wav
01/21/18 16:57:47 C:\Users\AC2\Desktop\Caitlyn\Playback files\highFreq\85kHz.wav
01/21/18 17:06:07 C:\Users\AC2\Desktop\Caitlyn\Playback files\lowFreq\13kHz.wav
01/21/18 17:06:15 C:\Users\AC2\Desktop\Caitlyn\Playback files\lowFreq\6kHz.wav
01/21/18 17:06:24 C:\Users\AC2\Desktop\Caitlyn\Playback files\lowFreq\9kHz.wav
01/21/18 17:06:32 C:\Users\AC2\Desktop\Caitlyn\Playback files\lowFreq\1kHz.wav
01/21/18 17:06:46 C:\Users\AC2\Desktop\Caitlyn\Playback files\lowFreq\2kHz.wav
01/21/18 17:07:20 C:\Users\AC2\Desktop\Caitlyn\Playback files\lowFreq\5kHz.wav
01/21/18 17:07:53 C:\Users\AC2\Desktop\Caitlyn\Playback files\lowFreq\30kHz.wav
01/21/18 17:16:57 C:\Users\AC2\Desktop\Caitlyn\Playback files\lowFreq\30kHz.wav
01/21/18 17:17:31 C:\Users\AC2\Desktop\Caitlyn\Playback files\lowFreq\4kHz.wav
01/21/18 17:18:05 C:\Users\AC2\Desktop\Caitlyn\Playback files\lowFreq\2kHz.wav
01/21/18 17:18:39 C:\Users\AC2\Desktop\Caitlyn\Playback files\lowFreq\5kHz.wav
01/21/18 17:19:12 C:\Users\AC2\Desktop\Caitlyn\Playback files\lowFreq\19kHz.wav
01/21/18 17:19:46 C:\Users\AC2\Desktop\Caitlyn\Playback files\lowFreq\1kHz.wav
01/21/18 17:20:20 C:\Users\AC2\Desktop\Caitlyn\Playback files\lowFreq\20kHz.wav
01/21/18 17:20:54 C:\Users\AC2\Desktop\Caitlyn\Playback files\lowFreq\15kHz.wav
01/21/18 17:21:27 C:\Users\AC2\Desktop\Caitlyn\Playback files\lowFreq\17kHz.wav
01/21/18 17:22:01 C:\Users\AC2\Desktop\Caitlyn\Playback files\lowFreq\7kHz.wav
01/21/18 17:22:35 C:\Users\AC2\Desktop\Caitlyn\Playback files\lowFreq\3kHz.wav
01/21/18 17:23:09 C:\Users\AC2\Desktop\Caitlyn\Playback files\lowFreq\25kHz.wav
01/21/18 17:23:42 C:\Users\AC2\Desktop\Caitlyn\Playback files\lowFreq\12kHz.wav
01/21/18 17:24:16 C:\Users\AC2\Desktop\Caitlyn\Playback files\lowFreq\9kHz.wav
01/21/18 17:24:50 C:\Users\AC2\Desktop\Caitlyn\Playback files\lowFreq\15kHz.wav
01/21/18 17:25:24 C:\Users\AC2\Desktop\Caitlyn\Playback files\lowFreq\18kHz.wav
01/21/18 17:25:57 C:\Users\AC2\Desktop\Caitlyn\Playback files\lowFreq\10kHz.wav
01/21/18 17:26:31 C:\Users\AC2\Desktop\Caitlyn\Playback files\lowFreq\16kHz.wav
01/21/18 17:27:05 C:\Users\AC2\Desktop\Caitlyn\Playback files\lowFreq\8kHz.wav
01/21/18 17:27:39 C:\Users\AC2\Desktop\Caitlyn\Playback files\lowFreq\14kHz.wav
01/21/18 17:28:12 C:\Users\AC2\Desktop\Caitlyn\Playback files\lowFreq\13kHz.wav
01/21/18 17:28:46 C:\Users\AC2\Desktop\Caitlyn\Playback files\lowFreq\6kHz.wav
